[0.080s] DEBUG:colcon:Command line arguments: ['/usr/bin/colcon', 'build', '--cmake-args', '-DCMAKE_BUILD_TYPE=RelWithDebInfo']
[0.080s] DEBUG:colcon:Parsed command line arguments: Namespace(log_base=None, log_level=None, verb_name='build', build_base='build', install_base='install', merge_install=False, symlink_install=False, test_result_base=None, continue_on_error=False, executor='parallel', parallel_workers=16, event_handlers=None, ignore_user_meta=False, metas=['./colcon.meta'], base_paths=['.'], packages_ignore=None, packages_ignore_regex=None, paths=None, packages_up_to=None, packages_up_to_regex=None, packages_above=None, packages_above_and_dependencies=None, packages_above_depth=None, packages_select_by_dep=None, packages_skip_by_dep=None, packages_skip_up_to=None, packages_select_build_failed=False, packages_skip_build_finished=False, packages_select_test_failures=False, packages_skip_test_passed=False, packages_select=None, packages_skip=None, packages_select_regex=None, packages_skip_regex=None, packages_start=None, packages_end=None, allow_overriding=[], cmake_args=['-DCMAKE_BUILD_TYPE=RelWithDebInfo'], cmake_target=None, cmake_target_skip_unavailable=False, cmake_clean_cache=False, cmake_clean_first=False, cmake_force_configure=False, ament_cmake_args=None, catkin_cmake_args=None, catkin_skip_building_tests=False, verb_parser=<colcon_defaults.argument_parser.defaults.DefaultArgumentsDecorator object at 0x726f3e35dfa0>, verb_extension=<colcon_core.verb.build.BuildVerb object at 0x726f3e49e900>, main=<bound method BuildVerb.main of <colcon_core.verb.build.BuildVerb object at 0x726f3e49e900>>)
[0.108s] Level 1:colcon.colcon_core.package_discovery:discover_packages(colcon_meta) check parameters
[0.108s] Level 1:colcon.colcon_core.package_discovery:discover_packages(recursive) check parameters
[0.108s] Level 1:colcon.colcon_core.package_discovery:discover_packages(ignore) check parameters
[0.108s] Level 1:colcon.colcon_core.package_discovery:discover_packages(path) check parameters
[0.108s] Level 1:colcon.colcon_core.package_discovery:discover_packages(colcon_meta) discover
[0.108s] Level 1:colcon.colcon_core.package_discovery:discover_packages(recursive) discover
[0.108s] INFO:colcon.colcon_core.package_discovery:Crawling recursively for packages in '/home/aswar/Project_Folders/cv_euroc'
[0.108s] Level 1:colcon.colcon_core.package_identification:_identify(.) by extensions ['ignore', 'ignore_ament_install']
[0.109s] Level 1:colcon.colcon_core.package_identification:_identify(.) by extension 'ignore'
[0.109s] Level 1:colcon.colcon_core.package_identification:_identify(.) by extension 'ignore_ament_install'
[0.109s] Level 1:colcon.colcon_core.package_identification:_identify(.) by extensions ['colcon_pkg']
[0.109s] Level 1:colcon.colcon_core.package_identification:_identify(.) by extension 'colcon_pkg'
[0.109s] Level 1:colcon.colcon_core.package_identification:_identify(.) by extensions ['colcon_meta']
[0.109s] Level 1:colcon.colcon_core.package_identification:_identify(.) by extension 'colcon_meta'
[0.109s] Level 1:colcon.colcon_core.package_identification:_identify(.) by extensions ['ros']
[0.109s] Level 1:colcon.colcon_core.package_identification:_identify(.) by extension 'ros'
[0.127s] Level 1:colcon.colcon_core.package_identification:_identify(.) by extensions ['cmake', 'python']
[0.127s] Level 1:colcon.colcon_core.package_identification:_identify(.) by extension 'cmake'
[0.167s] Level 1:colcon.colcon_core.package_identification:_identify(.) by extension 'python'
[0.167s] DEBUG:colcon.colcon_core.package_identification:Package '.' with type 'cmake' and name 'cv_cpp17_euroc_demo'
[0.167s] Level 1:colcon.colcon_core.package_discovery:discover_packages(recursive) using defaults
[0.167s] Level 1:colcon.colcon_core.package_discovery:discover_packages(ignore) discover
[0.167s] Level 1:colcon.colcon_core.package_discovery:discover_packages(ignore) using defaults
[0.167s] Level 1:colcon.colcon_core.package_discovery:discover_packages(path) discover
[0.167s] Level 1:colcon.colcon_core.package_discovery:discover_packages(path) using defaults
[0.180s] Level 1:colcon.colcon_core.package_discovery:discover_packages(prefix_path) check parameters
[0.180s] Level 1:colcon.colcon_core.package_discovery:discover_packages(prefix_path) discover
[0.181s] WARNING:colcon.colcon_ros.prefix_path.ament:The path '/opt/ros/kilted' in the environment variable AMENT_PREFIX_PATH doesn't exist
[0.181s] WARNING:colcon.colcon_ros.prefix_path.catkin:The path '/opt/ros/kilted/opt/gz_math_vendor' in the environment variable CMAKE_PREFIX_PATH doesn't exist
[0.181s] WARNING:colcon.colcon_ros.prefix_path.catkin:The path '/opt/ros/kilted/opt/gz_utils_vendor' in the environment variable CMAKE_PREFIX_PATH doesn't exist
[0.181s] WARNING:colcon.colcon_ros.prefix_path.catkin:The path '/opt/ros/kilted/opt/gz_cmake_vendor' in the environment variable CMAKE_PREFIX_PATH doesn't exist
[0.182s] DEBUG:colcon.colcon_installed_package_information.package_discovery:Found 286 installed packages in /opt/ros/jazzy
[0.183s] Level 1:colcon.colcon_core.package_discovery:discover_packages(prefix_path) using defaults
[0.209s] Level 5:colcon.colcon_core.verb:set package 'cv_cpp17_euroc_demo' build argument 'cmake_args' from command line to '['-DCMAKE_BUILD_TYPE=RelWithDebInfo']'
[0.209s] Level 5:colcon.colcon_core.verb:set package 'cv_cpp17_euroc_demo' build argument 'cmake_target' from command line to 'None'
[0.209s] Level 5:colcon.colcon_core.verb:set package 'cv_cpp17_euroc_demo' build argument 'cmake_target_skip_unavailable' from command line to 'False'
[0.209s] Level 5:colcon.colcon_core.verb:set package 'cv_cpp17_euroc_demo' build argument 'cmake_clean_cache' from command line to 'False'
[0.209s] Level 5:colcon.colcon_core.verb:set package 'cv_cpp17_euroc_demo' build argument 'cmake_clean_first' from command line to 'False'
[0.209s] Level 5:colcon.colcon_core.verb:set package 'cv_cpp17_euroc_demo' build argument 'cmake_force_configure' from command line to 'False'
[0.209s] Level 5:colcon.colcon_core.verb:set package 'cv_cpp17_euroc_demo' build argument 'ament_cmake_args' from command line to 'None'
[0.209s] Level 5:colcon.colcon_core.verb:set package 'cv_cpp17_euroc_demo' build argument 'catkin_cmake_args' from command line to 'None'
[0.209s] Level 5:colcon.colcon_core.verb:set package 'cv_cpp17_euroc_demo' build argument 'catkin_skip_building_tests' from command line to 'False'
[0.209s] DEBUG:colcon.colcon_core.verb:Building package 'cv_cpp17_euroc_demo' with the following arguments: {'ament_cmake_args': None, 'build_base': '/home/aswar/Project_Folders/cv_euroc/build/cv_cpp17_euroc_demo', 'catkin_cmake_args': None, 'catkin_skip_building_tests': False, 'cmake_args': ['-DCMAKE_BUILD_TYPE=RelWithDebInfo'], 'cmake_clean_cache': False, 'cmake_clean_first': False, 'cmake_force_configure': False, 'cmake_target': None, 'cmake_target_skip_unavailable': False, 'install_base': '/home/aswar/Project_Folders/cv_euroc/install/cv_cpp17_euroc_demo', 'merge_install': False, 'path': '/home/aswar/Project_Folders/cv_euroc', 'symlink_install': False, 'test_result_base': None}
[0.210s] INFO:colcon.colcon_core.executor:Executing jobs using 'parallel' executor
[0.210s] DEBUG:colcon.colcon_parallel_executor.executor.parallel:run_until_complete
[0.210s] INFO:colcon.colcon_cmake.task.cmake.build:Building CMake package in '/home/aswar/Project_Folders/cv_euroc'
[0.212s] INFO:colcon.colcon_core.plugin_system:Skipping extension 'colcon_core.shell.bat': Not used on non-Windows systems
[0.212s] INFO:colcon.colcon_core.shell:Skip shell extension 'powershell' for command environment: Not usable outside of PowerShell
[0.212s] DEBUG:colcon.colcon_core.shell:Skip shell extension 'dsv' for command environment
[0.217s] DEBUG:colcon.colcon_core.event_handler.log_command:Invoking command in '/home/aswar/Project_Folders/cv_euroc/build/cv_cpp17_euroc_demo': DEBUGINFOD_URLS=https://debuginfod.ubuntu.com /usr/bin/cmake /home/aswar/Project_Folders/cv_euroc -DCMAKE_BUILD_TYPE=RelWithDebInfo -DCMAKE_INSTALL_PREFIX=/home/aswar/Project_Folders/cv_euroc/install/cv_cpp17_euroc_demo
[0.373s] DEBUG:colcon.colcon_core.event_handler.log_command:Invoked command in '/home/aswar/Project_Folders/cv_euroc/build/cv_cpp17_euroc_demo' returned '0': DEBUGINFOD_URLS=https://debuginfod.ubuntu.com /usr/bin/cmake /home/aswar/Project_Folders/cv_euroc -DCMAKE_BUILD_TYPE=RelWithDebInfo -DCMAKE_INSTALL_PREFIX=/home/aswar/Project_Folders/cv_euroc/install/cv_cpp17_euroc_demo
[0.374s] DEBUG:colcon.colcon_core.event_handler.log_command:Invoking command in '/home/aswar/Project_Folders/cv_euroc/build/cv_cpp17_euroc_demo': DEBUGINFOD_URLS=https://debuginfod.ubuntu.com /usr/bin/cmake --build /home/aswar/Project_Folders/cv_euroc/build/cv_cpp17_euroc_demo -- -j16 -l16
[2.288s] DEBUG:colcon.colcon_core.event_handler.log_command:Invoked command in '/home/aswar/Project_Folders/cv_euroc/build/cv_cpp17_euroc_demo' returned '0': DEBUGINFOD_URLS=https://debuginfod.ubuntu.com /usr/bin/cmake --build /home/aswar/Project_Folders/cv_euroc/build/cv_cpp17_euroc_demo -- -j16 -l16
[2.288s] WARNING:colcon.colcon_cmake.task.cmake.build:Could not run installation step for package 'cv_cpp17_euroc_demo' because it has no 'install' target
[2.289s] Level 1:colcon.colcon_core.environment:create_environment_scripts_only(cv_cpp17_euroc_demo)
[2.291s] Level 1:colcon.colcon_core.environment:checking '/home/aswar/Project_Folders/cv_euroc/install/cv_cpp17_euroc_demo' for CMake module files
[2.291s] Level 1:colcon.colcon_core.environment:checking '/home/aswar/Project_Folders/cv_euroc/install/cv_cpp17_euroc_demo' for CMake config files
[2.291s] Level 1:colcon.colcon_core.environment:checking '/home/aswar/Project_Folders/cv_euroc/install/cv_cpp17_euroc_demo/bin'
[2.291s] Level 1:colcon.colcon_core.environment:checking '/home/aswar/Project_Folders/cv_euroc/install/cv_cpp17_euroc_demo/lib/pkgconfig/cv_cpp17_euroc_demo.pc'
[2.292s] Level 1:colcon.colcon_core.environment:checking '/home/aswar/Project_Folders/cv_euroc/install/cv_cpp17_euroc_demo/lib/python3.12/site-packages'
[2.292s] Level 1:colcon.colcon_core.environment:checking '/home/aswar/Project_Folders/cv_euroc/install/cv_cpp17_euroc_demo/bin'
[2.292s] INFO:colcon.colcon_core.shell:Creating package script '/home/aswar/Project_Folders/cv_euroc/install/cv_cpp17_euroc_demo/share/cv_cpp17_euroc_demo/package.ps1'
[2.293s] INFO:colcon.colcon_core.shell:Creating package descriptor '/home/aswar/Project_Folders/cv_euroc/install/cv_cpp17_euroc_demo/share/cv_cpp17_euroc_demo/package.dsv'
[2.293s] INFO:colcon.colcon_core.shell:Creating package script '/home/aswar/Project_Folders/cv_euroc/install/cv_cpp17_euroc_demo/share/cv_cpp17_euroc_demo/package.sh'
[2.293s] INFO:colcon.colcon_core.shell:Creating package script '/home/aswar/Project_Folders/cv_euroc/install/cv_cpp17_euroc_demo/share/cv_cpp17_euroc_demo/package.bash'
[2.294s] INFO:colcon.colcon_core.shell:Creating package script '/home/aswar/Project_Folders/cv_euroc/install/cv_cpp17_euroc_demo/share/cv_cpp17_euroc_demo/package.zsh'
[2.294s] Level 1:colcon.colcon_core.environment:create_file_with_runtime_dependencies(/home/aswar/Project_Folders/cv_euroc/install/cv_cpp17_euroc_demo/share/colcon-core/packages/cv_cpp17_euroc_demo)
[2.294s] DEBUG:colcon.colcon_parallel_executor.executor.parallel:closing loop
[2.295s] DEBUG:colcon.colcon_parallel_executor.executor.parallel:loop closed
[2.295s] DEBUG:colcon.colcon_parallel_executor.executor.parallel:run_until_complete finished with '0'
[2.295s] DEBUG:colcon.colcon_core.event_reactor:joining thread
[2.298s] INFO:colcon.colcon_core.plugin_system:Skipping extension 'colcon_notification.desktop_notification.terminal_notifier': Not used on non-Darwin systems
[2.298s] INFO:colcon.colcon_core.plugin_system:Skipping extension 'colcon_notification.desktop_notification.win32': Not used on non-Windows systems
[2.298s] INFO:colcon.colcon_notification.desktop_notification:Sending desktop notification using 'notify2'
[2.310s] DEBUG:colcon.colcon_core.event_reactor:joined thread
[2.310s] INFO:colcon.colcon_core.shell:Creating prefix script '/home/aswar/Project_Folders/cv_euroc/install/local_setup.ps1'
[2.311s] INFO:colcon.colcon_core.shell:Creating prefix util module '/home/aswar/Project_Folders/cv_euroc/install/_local_setup_util_ps1.py'
[2.312s] INFO:colcon.colcon_core.shell:Creating prefix chain script '/home/aswar/Project_Folders/cv_euroc/install/setup.ps1'
[2.312s] INFO:colcon.colcon_core.shell:Creating prefix script '/home/aswar/Project_Folders/cv_euroc/install/local_setup.sh'
[2.313s] INFO:colcon.colcon_core.shell:Creating prefix util module '/home/aswar/Project_Folders/cv_euroc/install/_local_setup_util_sh.py'
[2.313s] INFO:colcon.colcon_core.shell:Creating prefix chain script '/home/aswar/Project_Folders/cv_euroc/install/setup.sh'
[2.314s] INFO:colcon.colcon_core.shell:Creating prefix script '/home/aswar/Project_Folders/cv_euroc/install/local_setup.bash'
[2.314s] INFO:colcon.colcon_core.shell:Creating prefix chain script '/home/aswar/Project_Folders/cv_euroc/install/setup.bash'
[2.314s] INFO:colcon.colcon_core.shell:Creating prefix script '/home/aswar/Project_Folders/cv_euroc/install/local_setup.zsh'
[2.315s] INFO:colcon.colcon_core.shell:Creating prefix chain script '/home/aswar/Project_Folders/cv_euroc/install/setup.zsh'
